
  .   ____          _            __ _ _
 /\\ / ___'_ __ _ _(_)_ __  __ _ \ \ \ \
( ( )\___ | '_ | '_| | '_ \/ _` | \ \ \ \
 \\/  ___)| |_)| | | | | || (_| |  ) ) ) )
  '  |____| .__|_| |_|_| |_\__, | / / / /
 =========|_|==============|___/=/_/_/_/
 :: Spring Boot ::                (v3.0.4)

2023-03-27T17:04:58.321+03:00  INFO 27252 --- [  restartedMain] c.e.a.AppointmentServiceApplication      : Starting AppointmentServiceApplication using Java 18.0.2 with PID 27252 (C:\Users\jelena.mikelsone\Documents\appointments\appointment-service\target\classes started by jelena.mikelsone in C:\Users\jelena.mikelsone\Documents\appointments\appointment-service)
2023-03-27T17:04:58.325+03:00  INFO 27252 --- [  restartedMain] c.e.a.AppointmentServiceApplication      : No active profile set, falling back to 1 default profile: "default"
2023-03-27T17:04:58.387+03:00  INFO 27252 --- [  restartedMain] .e.DevToolsPropertyDefaultsPostProcessor : Devtools property defaults active! Set 'spring.devtools.add-properties' to 'false' to disable
2023-03-27T17:04:58.387+03:00  INFO 27252 --- [  restartedMain] .e.DevToolsPropertyDefaultsPostProcessor : For additional web related logging consider setting the 'logging.level.web' property to 'DEBUG'
2023-03-27T17:04:59.912+03:00  INFO 27252 --- [  restartedMain] .s.d.r.c.RepositoryConfigurationDelegate : Bootstrapping Spring Data JPA repositories in DEFAULT mode.
2023-03-27T17:05:00.109+03:00  INFO 27252 --- [  restartedMain] .s.d.r.c.RepositoryConfigurationDelegate : Finished Spring Data repository scanning in 189 ms. Found 2 JPA repository interfaces.
2023-03-27T17:05:00.517+03:00  INFO 27252 --- [  restartedMain] o.s.cloud.context.scope.GenericScope     : BeanFactory id=d61e94c2-2df3-3ad5-9889-974d241439bd
2023-03-27T17:05:01.261+03:00  INFO 27252 --- [  restartedMain] o.s.b.w.embedded.tomcat.TomcatWebServer  : Tomcat initialized with port(s): 8103 (http)
2023-03-27T17:05:01.272+03:00  INFO 27252 --- [  restartedMain] o.apache.catalina.core.StandardService   : Starting service [Tomcat]
2023-03-27T17:05:01.272+03:00  INFO 27252 --- [  restartedMain] o.apache.catalina.core.StandardEngine    : Starting Servlet engine: [Apache Tomcat/10.1.5]
2023-03-27T17:05:01.365+03:00  INFO 27252 --- [  restartedMain] o.a.c.c.C.[Tomcat].[localhost].[/]       : Initializing Spring embedded WebApplicationContext
2023-03-27T17:05:01.366+03:00  INFO 27252 --- [  restartedMain] w.s.c.ServletWebServerApplicationContext : Root WebApplicationContext: initialization completed in 2978 ms
2023-03-27T17:05:01.523+03:00  INFO 27252 --- [  restartedMain] o.hibernate.jpa.internal.util.LogHelper  : HHH000204: Processing PersistenceUnitInfo [name: default]
2023-03-27T17:05:01.597+03:00  INFO 27252 --- [  restartedMain] org.hibernate.Version                    : HHH000412: Hibernate ORM core version 6.1.7.Final
2023-03-27T17:05:01.953+03:00  INFO 27252 --- [  restartedMain] com.zaxxer.hikari.HikariDataSource       : HikariPool-1 - Starting...
2023-03-27T17:05:02.269+03:00  INFO 27252 --- [  restartedMain] com.zaxxer.hikari.pool.HikariPool        : HikariPool-1 - Added connection com.mysql.cj.jdbc.ConnectionImpl@8a0e9b7
2023-03-27T17:05:02.271+03:00  INFO 27252 --- [  restartedMain] com.zaxxer.hikari.HikariDataSource       : HikariPool-1 - Start completed.
2023-03-27T17:05:02.355+03:00  INFO 27252 --- [  restartedMain] SQL dialect                              : HHH000400: Using dialect: org.hibernate.dialect.MySQLDialect
2023-03-27T17:05:02.707+03:00  INFO 27252 --- [  restartedMain] o.h.c.beanvalidation.TypeSafeActivator   : Error calling `jakarta.validation.Validation#buildDefaultValidatorFactory`

jakarta.validation.NoProviderFoundException: Unable to create a Configuration, because no Jakarta Bean Validation provider could be found. Add a provider like Hibernate Validator (RI) to your classpath.
	at jakarta.validation.Validation$GenericBootstrapImpl.configure(Validation.java:291) ~[jakarta.validation-api-3.0.2.jar:na]
	at jakarta.validation.Validation.buildDefaultValidatorFactory(Validation.java:103) ~[jakarta.validation-api-3.0.2.jar:na]
	at org.hibernate.cfg.beanvalidation.TypeSafeActivator.getValidatorFactory(TypeSafeActivator.java:479) ~[hibernate-core-6.1.7.Final.jar:6.1.7.Final]
	at org.hibernate.cfg.beanvalidation.TypeSafeActivator.activate(TypeSafeActivator.java:82) ~[hibernate-core-6.1.7.Final.jar:6.1.7.Final]
	at java.base/jdk.internal.reflect.DirectMethodHandleAccessor.invoke(DirectMethodHandleAccessor.java:104) ~[na:na]
	at java.base/java.lang.reflect.Method.invoke(Method.java:577) ~[na:na]
	at org.hibernate.cfg.beanvalidation.BeanValidationIntegrator.integrate(BeanValidationIntegrator.java:137) ~[hibernate-core-6.1.7.Final.jar:6.1.7.Final]
	at org.hibernate.internal.SessionFactoryImpl.<init>(SessionFactoryImpl.java:287) ~[hibernate-core-6.1.7.Final.jar:6.1.7.Final]
	at org.hibernate.boot.internal.SessionFactoryBuilderImpl.build(SessionFactoryBuilderImpl.java:415) ~[hibernate-core-6.1.7.Final.jar:6.1.7.Final]
	at org.hibernate.jpa.boot.internal.EntityManagerFactoryBuilderImpl.build(EntityManagerFactoryBuilderImpl.java:1423) ~[hibernate-core-6.1.7.Final.jar:6.1.7.Final]
	at org.springframework.orm.jpa.vendor.SpringHibernateJpaPersistenceProvider.createContainerEntityManagerFactory(SpringHibernateJpaPersistenceProvider.java:66) ~[spring-orm-6.0.6.jar:6.0.6]
	at org.springframework.orm.jpa.LocalContainerEntityManagerFactoryBean.createNativeEntityManagerFactory(LocalContainerEntityManagerFactoryBean.java:376) ~[spring-orm-6.0.6.jar:6.0.6]
	at org.springframework.orm.jpa.AbstractEntityManagerFactoryBean.buildNativeEntityManagerFactory(AbstractEntityManagerFactoryBean.java:409) ~[spring-orm-6.0.6.jar:6.0.6]
	at org.springframework.orm.jpa.AbstractEntityManagerFactoryBean.afterPropertiesSet(AbstractEntityManagerFactoryBean.java:396) ~[spring-orm-6.0.6.jar:6.0.6]
	at org.springframework.orm.jpa.LocalContainerEntityManagerFactoryBean.afterPropertiesSet(LocalContainerEntityManagerFactoryBean.java:352) ~[spring-orm-6.0.6.jar:6.0.6]
	at org.springframework.beans.factory.support.AbstractAutowireCapableBeanFactory.invokeInitMethods(AbstractAutowireCapableBeanFactory.java:1808) ~[spring-beans-6.0.6.jar:6.0.6]
	at org.springframework.beans.factory.support.AbstractAutowireCapableBeanFactory.initializeBean(AbstractAutowireCapableBeanFactory.java:1758) ~[spring-beans-6.0.6.jar:6.0.6]
	at org.springframework.beans.factory.support.AbstractAutowireCapableBeanFactory.doCreateBean(AbstractAutowireCapableBeanFactory.java:599) ~[spring-beans-6.0.6.jar:6.0.6]
	at org.springframework.beans.factory.support.AbstractAutowireCapableBeanFactory.createBean(AbstractAutowireCapableBeanFactory.java:521) ~[spring-beans-6.0.6.jar:6.0.6]
	at org.springframework.beans.factory.support.AbstractBeanFactory.lambda$doGetBean$0(AbstractBeanFactory.java:326) ~[spring-beans-6.0.6.jar:6.0.6]
	at org.springframework.beans.factory.support.DefaultSingletonBeanRegistry.getSingleton(DefaultSingletonBeanRegistry.java:234) ~[spring-beans-6.0.6.jar:6.0.6]
	at org.springframework.beans.factory.support.AbstractBeanFactory.doGetBean(AbstractBeanFactory.java:324) ~[spring-beans-6.0.6.jar:6.0.6]
	at org.springframework.beans.factory.support.AbstractBeanFactory.getBean(AbstractBeanFactory.java:200) ~[spring-beans-6.0.6.jar:6.0.6]
	at org.springframework.context.support.AbstractApplicationContext.getBean(AbstractApplicationContext.java:1132) ~[spring-context-6.0.6.jar:6.0.6]
	at org.springframework.context.support.AbstractApplicationContext.finishBeanFactoryInitialization(AbstractApplicationContext.java:907) ~[spring-context-6.0.6.jar:6.0.6]
	at org.springframework.context.support.AbstractApplicationContext.refresh(AbstractApplicationContext.java:584) ~[spring-context-6.0.6.jar:6.0.6]
	at org.springframework.boot.web.servlet.context.ServletWebServerApplicationContext.refresh(ServletWebServerApplicationContext.java:146) ~[spring-boot-3.0.4.jar:3.0.4]
	at org.springframework.boot.SpringApplication.refresh(SpringApplication.java:732) ~[spring-boot-3.0.4.jar:3.0.4]
	at org.springframework.boot.SpringApplication.refreshContext(SpringApplication.java:434) ~[spring-boot-3.0.4.jar:3.0.4]
	at org.springframework.boot.SpringApplication.run(SpringApplication.java:310) ~[spring-boot-3.0.4.jar:3.0.4]
	at org.springframework.boot.SpringApplication.run(SpringApplication.java:1304) ~[spring-boot-3.0.4.jar:3.0.4]
	at org.springframework.boot.SpringApplication.run(SpringApplication.java:1293) ~[spring-boot-3.0.4.jar:3.0.4]
	at com.example.appointmentservice.AppointmentServiceApplication.main(AppointmentServiceApplication.java:10) ~[classes/:na]
	at java.base/jdk.internal.reflect.DirectMethodHandleAccessor.invoke(DirectMethodHandleAccessor.java:104) ~[na:na]
	at java.base/java.lang.reflect.Method.invoke(Method.java:577) ~[na:na]
	at org.springframework.boot.devtools.restart.RestartLauncher.run(RestartLauncher.java:49) ~[spring-boot-devtools-3.0.4.jar:3.0.4]

2023-03-27T17:05:03.443+03:00  INFO 27252 --- [  restartedMain] o.h.e.t.j.p.i.JtaPlatformInitiator       : HHH000490: Using JtaPlatform implementation: [org.hibernate.engine.transaction.jta.platform.internal.NoJtaPlatform]
2023-03-27T17:05:03.456+03:00  INFO 27252 --- [  restartedMain] j.LocalContainerEntityManagerFactoryBean : Initialized JPA EntityManagerFactory for persistence unit 'default'
2023-03-27T17:05:04.187+03:00  WARN 27252 --- [  restartedMain] JpaBaseConfiguration$JpaWebConfiguration : spring.jpa.open-in-view is enabled by default. Therefore, database queries may be performed during view rendering. Explicitly configure spring.jpa.open-in-view to disable this warning
2023-03-27T17:05:06.611+03:00  WARN 27252 --- [  restartedMain] o.s.b.d.a.OptionalLiveReloadServer       : Unable to start LiveReload server
2023-03-27T17:05:06.754+03:00  INFO 27252 --- [  restartedMain] DiscoveryClientOptionalArgsConfiguration : Eureka HTTP Client uses RestTemplate.
2023-03-27T17:05:06.907+03:00  WARN 27252 --- [  restartedMain] iguration$LoadBalancerCaffeineWarnLogger : Spring Cloud LoadBalancer is currently working with the default cache. While this cache implementation is useful for development and tests, it's recommended to use Caffeine cache in production.You can switch to using Caffeine cache, by adding it and org.springframework.cache.caffeine.CaffeineCacheManager to the classpath.
2023-03-27T17:05:06.978+03:00  INFO 27252 --- [  restartedMain] o.s.c.n.eureka.InstanceInfoFactory       : Setting initial instance status as: STARTING
2023-03-27T17:05:07.031+03:00  INFO 27252 --- [  restartedMain] com.netflix.discovery.DiscoveryClient    : Initializing Eureka in region us-east-1
2023-03-27T17:05:07.038+03:00  INFO 27252 --- [  restartedMain] c.n.d.s.r.aws.ConfigClusterResolver      : Resolving eureka endpoints via configuration
2023-03-27T17:05:07.072+03:00  INFO 27252 --- [  restartedMain] com.netflix.discovery.DiscoveryClient    : Disable delta property : false
2023-03-27T17:05:07.073+03:00  INFO 27252 --- [  restartedMain] com.netflix.discovery.DiscoveryClient    : Single vip registry refresh property : null
2023-03-27T17:05:07.073+03:00  INFO 27252 --- [  restartedMain] com.netflix.discovery.DiscoveryClient    : Force full registry fetch : false
2023-03-27T17:05:07.073+03:00  INFO 27252 --- [  restartedMain] com.netflix.discovery.DiscoveryClient    : Application is null : false
2023-03-27T17:05:07.073+03:00  INFO 27252 --- [  restartedMain] com.netflix.discovery.DiscoveryClient    : Registered Applications size is zero : true
2023-03-27T17:05:07.073+03:00  INFO 27252 --- [  restartedMain] com.netflix.discovery.DiscoveryClient    : Application version is -1: true
2023-03-27T17:05:07.073+03:00  INFO 27252 --- [  restartedMain] com.netflix.discovery.DiscoveryClient    : Getting all instance registry info from the eureka server
2023-03-27T17:05:07.547+03:00  INFO 27252 --- [  restartedMain] com.netflix.discovery.DiscoveryClient    : The response status is 200
2023-03-27T17:05:07.550+03:00  INFO 27252 --- [  restartedMain] com.netflix.discovery.DiscoveryClient    : Starting heartbeat executor: renew interval is: 30
2023-03-27T17:05:07.555+03:00  INFO 27252 --- [  restartedMain] c.n.discovery.InstanceInfoReplicator     : InstanceInfoReplicator onDemand update allowed rate per min is 4
2023-03-27T17:05:07.561+03:00  INFO 27252 --- [  restartedMain] com.netflix.discovery.DiscoveryClient    : Discovery Client initialized at timestamp 1679925907560 with initial instances count: 2
2023-03-27T17:05:07.564+03:00  INFO 27252 --- [  restartedMain] o.s.c.n.e.s.EurekaServiceRegistry        : Registering application APPOINTMENT-SERVICE with eureka with status UP
2023-03-27T17:05:07.565+03:00  INFO 27252 --- [  restartedMain] com.netflix.discovery.DiscoveryClient    : Saw local status change event StatusChangeEvent [timestamp=1679925907565, current=UP, previous=STARTING]
2023-03-27T17:05:07.567+03:00  INFO 27252 --- [nfoReplicator-0] com.netflix.discovery.DiscoveryClient    : DiscoveryClient_APPOINTMENT-SERVICE/LVAGPLTP5030.dir.svc.accenture.com:appointment-service:8103: registering service...
2023-03-27T17:05:07.603+03:00  INFO 27252 --- [  restartedMain] o.s.b.w.embedded.tomcat.TomcatWebServer  : Tomcat started on port(s): 8103 (http) with context path ''
2023-03-27T17:05:07.604+03:00  INFO 27252 --- [  restartedMain] .s.c.n.e.s.EurekaAutoServiceRegistration : Updating port to 8103
2023-03-27T17:05:07.625+03:00  INFO 27252 --- [nfoReplicator-0] com.netflix.discovery.DiscoveryClient    : DiscoveryClient_APPOINTMENT-SERVICE/LVAGPLTP5030.dir.svc.accenture.com:appointment-service:8103 - registration status: 204
2023-03-27T17:05:07.712+03:00  INFO 27252 --- [  restartedMain] c.e.a.AppointmentServiceApplication      : Started AppointmentServiceApplication in 10.03 seconds (process running for 11.56)
2023-03-27T17:10:07.079+03:00  INFO 27252 --- [trap-executor-0] c.n.d.s.r.aws.ConfigClusterResolver      : Resolving eureka endpoints via configuration
2023-03-27T17:11:36.664+03:00  INFO 27252 --- [nio-8103-exec-1] o.a.c.c.C.[Tomcat].[localhost].[/]       : Initializing Spring DispatcherServlet 'dispatcherServlet'
2023-03-27T17:11:36.664+03:00  INFO 27252 --- [nio-8103-exec-1] o.s.web.servlet.DispatcherServlet        : Initializing Servlet 'dispatcherServlet'
2023-03-27T17:11:36.666+03:00  INFO 27252 --- [nio-8103-exec-1] o.s.web.servlet.DispatcherServlet        : Completed initialization in 1 ms
2023-03-27T17:11:36.714+03:00  INFO 27252 --- [nio-8103-exec-1] c.e.a.s.impl.AppointmentViewServiceImpl  : 13
2023-03-27T17:11:36.766+03:00  INFO 27252 --- [nio-8103-exec-1] c.e.a.s.impl.AppointmentViewServiceImpl  : 2023-03-27T00:00
2023-03-27T17:11:36.766+03:00  INFO 27252 --- [nio-8103-exec-1] c.e.a.s.impl.AppointmentViewServiceImpl  : 2023-04-02T23:59:59
Hibernate: select a1_0.appointment_id,a1_0.appointment_type,a1_0.client_id,a1_0.details,a1_0.provider_id,a1_0.start_time from appointments a1_0 where a1_0.provider_id=? and a1_0.start_time>=? and a1_0.start_time<=? order by a1_0.start_time asc
2023-03-27T17:13:41.079+03:00  INFO 27252 --- [nio-8103-exec-3] c.e.a.s.impl.AppointmentViewServiceImpl  : 13
2023-03-27T17:13:41.079+03:00  INFO 27252 --- [nio-8103-exec-3] c.e.a.s.impl.AppointmentViewServiceImpl  : 2023-03-27T00:00
2023-03-27T17:13:41.079+03:00  INFO 27252 --- [nio-8103-exec-3] c.e.a.s.impl.AppointmentViewServiceImpl  : 2023-04-02T23:59:59
Hibernate: select a1_0.appointment_id,a1_0.appointment_type,a1_0.client_id,a1_0.details,a1_0.provider_id,a1_0.start_time from appointments a1_0 where a1_0.provider_id=? and a1_0.start_time>=? and a1_0.start_time<=? order by a1_0.start_time asc
Hibernate: select a1_0.appointment_id,a1_0.appointment_type,a1_0.client_id,a1_0.details,a1_0.provider_id,a1_0.start_time from appointments a1_0 where a1_0.appointment_id=?
Hibernate: select a1_0.appointment_detail_id,a1_0.appointment_id,a1_0.created,a1_0.status from appointment_details a1_0 where a1_0.appointment_id=?
2023-03-27T17:15:07.086+03:00  INFO 27252 --- [trap-executor-0] c.n.d.s.r.aws.ConfigClusterResolver      : Resolving eureka endpoints via configuration
Hibernate: select a1_0.appointment_id,a1_0.appointment_type,a1_0.client_id,a1_0.details,a1_0.provider_id,a1_0.start_time from appointments a1_0 where a1_0.appointment_id=?
Hibernate: select a1_0.appointment_detail_id,a1_0.appointment_id,a1_0.created,a1_0.status from appointment_details a1_0 where a1_0.appointment_id=?
2023-03-27T17:16:59.338+03:00  INFO 27252 --- [nio-8103-exec-9] c.e.a.s.impl.AppointmentViewServiceImpl  : 13
2023-03-27T17:16:59.339+03:00  INFO 27252 --- [nio-8103-exec-9] c.e.a.s.impl.AppointmentViewServiceImpl  : 2023-03-27T00:00
2023-03-27T17:16:59.339+03:00  INFO 27252 --- [nio-8103-exec-9] c.e.a.s.impl.AppointmentViewServiceImpl  : 2023-04-02T23:59:59
Hibernate: select a1_0.appointment_id,a1_0.appointment_type,a1_0.client_id,a1_0.details,a1_0.provider_id,a1_0.start_time from appointments a1_0 where a1_0.provider_id=? and a1_0.start_time>=? and a1_0.start_time<=? order by a1_0.start_time asc
Hibernate: select a1_0.appointment_id,a1_0.appointment_type,a1_0.client_id,a1_0.details,a1_0.provider_id,a1_0.start_time from appointments a1_0 where a1_0.appointment_id=?
Hibernate: select a1_0.appointment_detail_id,a1_0.appointment_id,a1_0.created,a1_0.status from appointment_details a1_0 where a1_0.appointment_id=?
2023-03-27T17:17:02.305+03:00  INFO 27252 --- [nio-8103-exec-2] c.e.a.s.impl.AppointmentViewServiceImpl  : 13
2023-03-27T17:17:02.306+03:00  INFO 27252 --- [nio-8103-exec-2] c.e.a.s.impl.AppointmentViewServiceImpl  : 2023-03-27T00:00
2023-03-27T17:17:02.306+03:00  INFO 27252 --- [nio-8103-exec-2] c.e.a.s.impl.AppointmentViewServiceImpl  : 2023-04-02T23:59:59
Hibernate: select a1_0.appointment_id,a1_0.appointment_type,a1_0.client_id,a1_0.details,a1_0.provider_id,a1_0.start_time from appointments a1_0 where a1_0.provider_id=? and a1_0.start_time>=? and a1_0.start_time<=? order by a1_0.start_time asc
Hibernate: select a1_0.appointment_id,a1_0.appointment_type,a1_0.client_id,a1_0.details,a1_0.provider_id,a1_0.start_time from appointments a1_0 where a1_0.appointment_id=?
Hibernate: select a1_0.appointment_detail_id,a1_0.appointment_id,a1_0.created,a1_0.status from appointment_details a1_0 where a1_0.appointment_id=?
2023-03-27T17:18:13.060+03:00  INFO 27252 --- [nio-8103-exec-6] c.e.a.s.impl.AppointmentViewServiceImpl  : 13
2023-03-27T17:18:13.061+03:00  INFO 27252 --- [nio-8103-exec-6] c.e.a.s.impl.AppointmentViewServiceImpl  : 2023-03-27T00:00
2023-03-27T17:18:13.061+03:00  INFO 27252 --- [nio-8103-exec-6] c.e.a.s.impl.AppointmentViewServiceImpl  : 2023-04-02T23:59:59
Hibernate: select a1_0.appointment_id,a1_0.appointment_type,a1_0.client_id,a1_0.details,a1_0.provider_id,a1_0.start_time from appointments a1_0 where a1_0.provider_id=? and a1_0.start_time>=? and a1_0.start_time<=? order by a1_0.start_time asc
2023-03-27T17:20:07.080+03:00  INFO 27252 --- [trap-executor-0] c.n.d.s.r.aws.ConfigClusterResolver      : Resolving eureka endpoints via configuration
2023-03-27T17:23:33.111+03:00  INFO 27252 --- [nio-8103-exec-8] c.e.a.s.impl.AppointmentViewServiceImpl  : 13
2023-03-27T17:23:33.111+03:00  INFO 27252 --- [nio-8103-exec-8] c.e.a.s.impl.AppointmentViewServiceImpl  : 2023-03-27T00:00
2023-03-27T17:23:33.111+03:00  INFO 27252 --- [nio-8103-exec-8] c.e.a.s.impl.AppointmentViewServiceImpl  : 2023-04-02T23:59:59
Hibernate: select a1_0.appointment_id,a1_0.appointment_type,a1_0.client_id,a1_0.details,a1_0.provider_id,a1_0.start_time from appointments a1_0 where a1_0.provider_id=? and a1_0.start_time>=? and a1_0.start_time<=? order by a1_0.start_time asc
Hibernate: select a1_0.appointment_id,a1_0.appointment_type,a1_0.client_id,a1_0.details,a1_0.provider_id,a1_0.start_time from appointments a1_0 where a1_0.appointment_id=?
Hibernate: select a1_0.appointment_detail_id,a1_0.appointment_id,a1_0.created,a1_0.status from appointment_details a1_0 where a1_0.appointment_id=?
2023-03-27T17:25:07.088+03:00  INFO 27252 --- [trap-executor-0] c.n.d.s.r.aws.ConfigClusterResolver      : Resolving eureka endpoints via configuration
Hibernate: select a1_0.appointment_id,a1_0.appointment_type,a1_0.client_id,a1_0.details,a1_0.provider_id,a1_0.start_time from appointments a1_0 where a1_0.appointment_id=?
Hibernate: select a1_0.appointment_detail_id,a1_0.appointment_id,a1_0.created,a1_0.status from appointment_details a1_0 where a1_0.appointment_id=?
Hibernate: select a1_0.appointment_id,a1_0.appointment_type,a1_0.client_id,a1_0.details,a1_0.provider_id,a1_0.start_time from appointments a1_0 where a1_0.appointment_id=?
Hibernate: select a1_0.appointment_detail_id,a1_0.appointment_id,a1_0.created,a1_0.status from appointment_details a1_0 where a1_0.appointment_id=?
2023-03-27T17:29:27.451+03:00  INFO 27252 --- [nio-8103-exec-7] c.e.a.s.impl.AppointmentViewServiceImpl  : 13
2023-03-27T17:29:27.452+03:00  INFO 27252 --- [nio-8103-exec-7] c.e.a.s.impl.AppointmentViewServiceImpl  : 2023-03-27T00:00
2023-03-27T17:29:27.452+03:00  INFO 27252 --- [nio-8103-exec-7] c.e.a.s.impl.AppointmentViewServiceImpl  : 2023-04-02T23:59:59
Hibernate: select a1_0.appointment_id,a1_0.appointment_type,a1_0.client_id,a1_0.details,a1_0.provider_id,a1_0.start_time from appointments a1_0 where a1_0.provider_id=? and a1_0.start_time>=? and a1_0.start_time<=? order by a1_0.start_time asc
2023-03-27T17:30:07.093+03:00  INFO 27252 --- [trap-executor-0] c.n.d.s.r.aws.ConfigClusterResolver      : Resolving eureka endpoints via configuration
2023-03-27T17:35:07.101+03:00  INFO 27252 --- [trap-executor-0] c.n.d.s.r.aws.ConfigClusterResolver      : Resolving eureka endpoints via configuration
2023-03-27T17:40:07.117+03:00  INFO 27252 --- [trap-executor-0] c.n.d.s.r.aws.ConfigClusterResolver      : Resolving eureka endpoints via configuration
2023-03-27T17:45:07.117+03:00  INFO 27252 --- [trap-executor-0] c.n.d.s.r.aws.ConfigClusterResolver      : Resolving eureka endpoints via configuration
2023-03-27T17:50:07.131+03:00  INFO 27252 --- [trap-executor-0] c.n.d.s.r.aws.ConfigClusterResolver      : Resolving eureka endpoints via configuration
2023-03-27T17:55:07.097+03:00  INFO 27252 --- [trap-executor-0] c.n.d.s.r.aws.ConfigClusterResolver      : Resolving eureka endpoints via configuration
2023-03-27T18:00:07.071+03:00  INFO 27252 --- [trap-executor-0] c.n.d.s.r.aws.ConfigClusterResolver      : Resolving eureka endpoints via configuration
2023-03-27T18:00:15.412+03:00  INFO 27252 --- [   File Watcher] rtingClassPathChangeChangedEventListener : Restarting due to 2 class path changes (0 additions, 2 deletions, 0 modifications)
2023-03-27T18:00:15.421+03:00  INFO 27252 --- [       Thread-1] o.s.c.n.e.s.EurekaServiceRegistry        : Unregistering application APPOINTMENT-SERVICE with eureka with status DOWN
2023-03-27T18:00:15.422+03:00  INFO 27252 --- [       Thread-1] com.netflix.discovery.DiscoveryClient    : Saw local status change event StatusChangeEvent [timestamp=1679929215422, current=DOWN, previous=UP]
2023-03-27T18:00:15.422+03:00  INFO 27252 --- [nfoReplicator-0] com.netflix.discovery.DiscoveryClient    : DiscoveryClient_APPOINTMENT-SERVICE/LVAGPLTP5030.dir.svc.accenture.com:appointment-service:8103: registering service...
2023-03-27T18:00:15.444+03:00  INFO 27252 --- [       Thread-1] o.apache.catalina.core.StandardService   : Stopping service [Tomcat]
2023-03-27T18:00:15.447+03:00  INFO 27252 --- [       Thread-1] o.a.c.c.C.[Tomcat].[localhost].[/]       : Destroying Spring FrameworkServlet 'dispatcherServlet'
2023-03-27T18:00:15.461+03:00  INFO 27252 --- [nfoReplicator-0] com.netflix.discovery.DiscoveryClient    : DiscoveryClient_APPOINTMENT-SERVICE/LVAGPLTP5030.dir.svc.accenture.com:appointment-service:8103 - registration status: 204
2023-03-27T18:00:15.470+03:00  INFO 27252 --- [       Thread-1] j.LocalContainerEntityManagerFactoryBean : Closing JPA EntityManagerFactory for persistence unit 'default'
2023-03-27T18:00:15.484+03:00  INFO 27252 --- [       Thread-1] com.zaxxer.hikari.HikariDataSource       : HikariPool-1 - Shutdown initiated...
2023-03-27T18:00:15.491+03:00  INFO 27252 --- [       Thread-1] com.zaxxer.hikari.HikariDataSource       : HikariPool-1 - Shutdown completed.
2023-03-27T18:00:15.491+03:00  INFO 27252 --- [       Thread-1] com.netflix.discovery.DiscoveryClient    : Shutting down DiscoveryClient ...
2023-03-27T18:00:18.497+03:00  INFO 27252 --- [       Thread-1] com.netflix.discovery.DiscoveryClient    : Unregistering ...
2023-03-27T18:00:18.505+03:00  INFO 27252 --- [       Thread-1] com.netflix.discovery.DiscoveryClient    : DiscoveryClient_APPOINTMENT-SERVICE/LVAGPLTP5030.dir.svc.accenture.com:appointment-service:8103 - deregister  status: 200
2023-03-27T18:00:18.512+03:00  INFO 27252 --- [       Thread-1] com.netflix.discovery.DiscoveryClient    : Completed shut down of DiscoveryClient

  .   ____          _            __ _ _
 /\\ / ___'_ __ _ _(_)_ __  __ _ \ \ \ \
( ( )\___ | '_ | '_| | '_ \/ _` | \ \ \ \
 \\/  ___)| |_)| | | | | || (_| |  ) ) ) )
  '  |____| .__|_| |_|_| |_\__, | / / / /
 =========|_|==============|___/=/_/_/_/
 :: Spring Boot ::                (v3.0.4)

2023-03-27T18:00:18.971+03:00  INFO 27252 --- [  restartedMain] c.e.a.AppointmentServiceApplication      : Starting AppointmentServiceApplication using Java 18.0.2 with PID 27252 (C:\Users\jelena.mikelsone\Documents\appointments\appointment-service\target\classes started by jelena.mikelsone in C:\Users\jelena.mikelsone\Documents\appointments\appointment-service)
2023-03-27T18:00:18.971+03:00  INFO 27252 --- [  restartedMain] c.e.a.AppointmentServiceApplication      : No active profile set, falling back to 1 default profile: "default"
2023-03-27T18:00:19.830+03:00  INFO 27252 --- [  restartedMain] .s.d.r.c.RepositoryConfigurationDelegate : Bootstrapping Spring Data JPA repositories in DEFAULT mode.
2023-03-27T18:00:19.868+03:00  INFO 27252 --- [  restartedMain] .s.d.r.c.RepositoryConfigurationDelegate : Finished Spring Data repository scanning in 37 ms. Found 2 JPA repository interfaces.
2023-03-27T18:00:20.043+03:00  INFO 27252 --- [  restartedMain] o.s.cloud.context.scope.GenericScope     : BeanFactory id=d61e94c2-2df3-3ad5-9889-974d241439bd
2023-03-27T18:00:20.225+03:00  INFO 27252 --- [  restartedMain] o.s.b.w.embedded.tomcat.TomcatWebServer  : Tomcat initialized with port(s): 8103 (http)
2023-03-27T18:00:20.226+03:00  INFO 27252 --- [  restartedMain] o.apache.catalina.core.StandardService   : Starting service [Tomcat]
2023-03-27T18:00:20.226+03:00  INFO 27252 --- [  restartedMain] o.apache.catalina.core.StandardEngine    : Starting Servlet engine: [Apache Tomcat/10.1.5]
2023-03-27T18:00:20.334+03:00  INFO 27252 --- [  restartedMain] o.a.c.c.C.[Tomcat].[localhost].[/]       : Initializing Spring embedded WebApplicationContext
2023-03-27T18:00:20.335+03:00  INFO 27252 --- [  restartedMain] w.s.c.ServletWebServerApplicationContext : Root WebApplicationContext: initialization completed in 1359 ms
2023-03-27T18:00:20.388+03:00  INFO 27252 --- [  restartedMain] o.hibernate.jpa.internal.util.LogHelper  : HHH000204: Processing PersistenceUnitInfo [name: default]
2023-03-27T18:00:20.398+03:00  INFO 27252 --- [  restartedMain] com.zaxxer.hikari.HikariDataSource       : HikariPool-2 - Starting...
2023-03-27T18:00:20.420+03:00  INFO 27252 --- [  restartedMain] com.zaxxer.hikari.pool.HikariPool        : HikariPool-2 - Added connection com.mysql.cj.jdbc.ConnectionImpl@780695bf
2023-03-27T18:00:20.420+03:00  INFO 27252 --- [  restartedMain] com.zaxxer.hikari.HikariDataSource       : HikariPool-2 - Start completed.
2023-03-27T18:00:20.421+03:00  INFO 27252 --- [  restartedMain] SQL dialect                              : HHH000400: Using dialect: org.hibernate.dialect.MySQLDialect
2023-03-27T18:00:20.441+03:00  INFO 27252 --- [  restartedMain] o.h.c.beanvalidation.TypeSafeActivator   : Error calling `jakarta.validation.Validation#buildDefaultValidatorFactory`

jakarta.validation.NoProviderFoundException: Unable to create a Configuration, because no Jakarta Bean Validation provider could be found. Add a provider like Hibernate Validator (RI) to your classpath.
	at jakarta.validation.Validation$GenericBootstrapImpl.configure(Validation.java:291) ~[jakarta.validation-api-3.0.2.jar:na]
	at jakarta.validation.Validation.buildDefaultValidatorFactory(Validation.java:103) ~[jakarta.validation-api-3.0.2.jar:na]
	at org.hibernate.cfg.beanvalidation.TypeSafeActivator.getValidatorFactory(TypeSafeActivator.java:479) ~[hibernate-core-6.1.7.Final.jar:6.1.7.Final]
	at org.hibernate.cfg.beanvalidation.TypeSafeActivator.activate(TypeSafeActivator.java:82) ~[hibernate-core-6.1.7.Final.jar:6.1.7.Final]
	at java.base/jdk.internal.reflect.DirectMethodHandleAccessor.invoke(DirectMethodHandleAccessor.java:104) ~[na:na]
	at java.base/java.lang.reflect.Method.invoke(Method.java:577) ~[na:na]
	at org.hibernate.cfg.beanvalidation.BeanValidationIntegrator.integrate(BeanValidationIntegrator.java:137) ~[hibernate-core-6.1.7.Final.jar:6.1.7.Final]
	at org.hibernate.internal.SessionFactoryImpl.<init>(SessionFactoryImpl.java:287) ~[hibernate-core-6.1.7.Final.jar:6.1.7.Final]
	at org.hibernate.boot.internal.SessionFactoryBuilderImpl.build(SessionFactoryBuilderImpl.java:415) ~[hibernate-core-6.1.7.Final.jar:6.1.7.Final]
	at org.hibernate.jpa.boot.internal.EntityManagerFactoryBuilderImpl.build(EntityManagerFactoryBuilderImpl.java:1423) ~[hibernate-core-6.1.7.Final.jar:6.1.7.Final]
	at org.springframework.orm.jpa.vendor.SpringHibernateJpaPersistenceProvider.createContainerEntityManagerFactory(SpringHibernateJpaPersistenceProvider.java:66) ~[spring-orm-6.0.6.jar:6.0.6]
	at org.springframework.orm.jpa.LocalContainerEntityManagerFactoryBean.createNativeEntityManagerFactory(LocalContainerEntityManagerFactoryBean.java:376) ~[spring-orm-6.0.6.jar:6.0.6]
	at org.springframework.orm.jpa.AbstractEntityManagerFactoryBean.buildNativeEntityManagerFactory(AbstractEntityManagerFactoryBean.java:409) ~[spring-orm-6.0.6.jar:6.0.6]
	at org.springframework.orm.jpa.AbstractEntityManagerFactoryBean.afterPropertiesSet(AbstractEntityManagerFactoryBean.java:396) ~[spring-orm-6.0.6.jar:6.0.6]
	at org.springframework.orm.jpa.LocalContainerEntityManagerFactoryBean.afterPropertiesSet(LocalContainerEntityManagerFactoryBean.java:352) ~[spring-orm-6.0.6.jar:6.0.6]
	at org.springframework.beans.factory.support.AbstractAutowireCapableBeanFactory.invokeInitMethods(AbstractAutowireCapableBeanFactory.java:1808) ~[spring-beans-6.0.6.jar:6.0.6]
	at org.springframework.beans.factory.support.AbstractAutowireCapableBeanFactory.initializeBean(AbstractAutowireCapableBeanFactory.java:1758) ~[spring-beans-6.0.6.jar:6.0.6]
	at org.springframework.beans.factory.support.AbstractAutowireCapableBeanFactory.doCreateBean(AbstractAutowireCapableBeanFactory.java:599) ~[spring-beans-6.0.6.jar:6.0.6]
	at org.springframework.beans.factory.support.AbstractAutowireCapableBeanFactory.createBean(AbstractAutowireCapableBeanFactory.java:521) ~[spring-beans-6.0.6.jar:6.0.6]
	at org.springframework.beans.factory.support.AbstractBeanFactory.lambda$doGetBean$0(AbstractBeanFactory.java:326) ~[spring-beans-6.0.6.jar:6.0.6]
	at org.springframework.beans.factory.support.DefaultSingletonBeanRegistry.getSingleton(DefaultSingletonBeanRegistry.java:234) ~[spring-beans-6.0.6.jar:6.0.6]
	at org.springframework.beans.factory.support.AbstractBeanFactory.doGetBean(AbstractBeanFactory.java:324) ~[spring-beans-6.0.6.jar:6.0.6]
	at org.springframework.beans.factory.support.AbstractBeanFactory.getBean(AbstractBeanFactory.java:200) ~[spring-beans-6.0.6.jar:6.0.6]
	at org.springframework.context.support.AbstractApplicationContext.getBean(AbstractApplicationContext.java:1132) ~[spring-context-6.0.6.jar:6.0.6]
	at org.springframework.context.support.AbstractApplicationContext.finishBeanFactoryInitialization(AbstractApplicationContext.java:907) ~[spring-context-6.0.6.jar:6.0.6]
	at org.springframework.context.support.AbstractApplicationContext.refresh(AbstractApplicationContext.java:584) ~[spring-context-6.0.6.jar:6.0.6]
	at org.springframework.boot.web.servlet.context.ServletWebServerApplicationContext.refresh(ServletWebServerApplicationContext.java:146) ~[spring-boot-3.0.4.jar:3.0.4]
	at org.springframework.boot.SpringApplication.refresh(SpringApplication.java:732) ~[spring-boot-3.0.4.jar:3.0.4]
	at org.springframework.boot.SpringApplication.refreshContext(SpringApplication.java:434) ~[spring-boot-3.0.4.jar:3.0.4]
	at org.springframework.boot.SpringApplication.run(SpringApplication.java:310) ~[spring-boot-3.0.4.jar:3.0.4]
	at org.springframework.boot.SpringApplication.run(SpringApplication.java:1304) ~[spring-boot-3.0.4.jar:3.0.4]
	at org.springframework.boot.SpringApplication.run(SpringApplication.java:1293) ~[spring-boot-3.0.4.jar:3.0.4]
	at com.example.appointmentservice.AppointmentServiceApplication.main(AppointmentServiceApplication.java:10) ~[classes/:na]
	at java.base/jdk.internal.reflect.DirectMethodHandleAccessor.invoke(DirectMethodHandleAccessor.java:104) ~[na:na]
	at java.base/java.lang.reflect.Method.invoke(Method.java:577) ~[na:na]
	at org.springframework.boot.devtools.restart.RestartLauncher.run(RestartLauncher.java:49) ~[spring-boot-devtools-3.0.4.jar:3.0.4]

2023-03-27T18:00:20.489+03:00  INFO 27252 --- [  restartedMain] o.h.e.t.j.p.i.JtaPlatformInitiator       : HHH000490: Using JtaPlatform implementation: [org.hibernate.engine.transaction.jta.platform.internal.NoJtaPlatform]
2023-03-27T18:00:20.490+03:00  INFO 27252 --- [  restartedMain] j.LocalContainerEntityManagerFactoryBean : Initialized JPA EntityManagerFactory for persistence unit 'default'
2023-03-27T18:00:20.680+03:00  WARN 27252 --- [  restartedMain] JpaBaseConfiguration$JpaWebConfiguration : spring.jpa.open-in-view is enabled by default. Therefore, database queries may be performed during view rendering. Explicitly configure spring.jpa.open-in-view to disable this warning
2023-03-27T18:00:22.641+03:00  INFO 27252 --- [  restartedMain] o.s.b.d.a.OptionalLiveReloadServer       : LiveReload server is running on port 35729
2023-03-27T18:00:22.847+03:00  INFO 27252 --- [  restartedMain] DiscoveryClientOptionalArgsConfiguration : Eureka HTTP Client uses RestTemplate.
2023-03-27T18:00:23.051+03:00  WARN 27252 --- [  restartedMain] iguration$LoadBalancerCaffeineWarnLogger : Spring Cloud LoadBalancer is currently working with the default cache. While this cache implementation is useful for development and tests, it's recommended to use Caffeine cache in production.You can switch to using Caffeine cache, by adding it and org.springframework.cache.caffeine.CaffeineCacheManager to the classpath.
2023-03-27T18:00:23.094+03:00  INFO 27252 --- [  restartedMain] o.s.c.n.eureka.InstanceInfoFactory       : Setting initial instance status as: STARTING
2023-03-27T18:00:23.102+03:00  INFO 27252 --- [  restartedMain] com.netflix.discovery.DiscoveryClient    : Initializing Eureka in region us-east-1
2023-03-27T18:00:23.102+03:00  INFO 27252 --- [  restartedMain] c.n.d.s.r.aws.ConfigClusterResolver      : Resolving eureka endpoints via configuration
2023-03-27T18:00:23.130+03:00  INFO 27252 --- [  restartedMain] com.netflix.discovery.DiscoveryClient    : Disable delta property : false
2023-03-27T18:00:23.131+03:00  INFO 27252 --- [  restartedMain] com.netflix.discovery.DiscoveryClient    : Single vip registry refresh property : null
2023-03-27T18:00:23.131+03:00  INFO 27252 --- [  restartedMain] com.netflix.discovery.DiscoveryClient    : Force full registry fetch : false
2023-03-27T18:00:23.131+03:00  INFO 27252 --- [  restartedMain] com.netflix.discovery.DiscoveryClient    : Application is null : false
2023-03-27T18:00:23.131+03:00  INFO 27252 --- [  restartedMain] com.netflix.discovery.DiscoveryClient    : Registered Applications size is zero : true
2023-03-27T18:00:23.131+03:00  INFO 27252 --- [  restartedMain] com.netflix.discovery.DiscoveryClient    : Application version is -1: true
2023-03-27T18:00:23.131+03:00  INFO 27252 --- [  restartedMain] com.netflix.discovery.DiscoveryClient    : Getting all instance registry info from the eureka server
2023-03-27T18:00:23.198+03:00  INFO 27252 --- [  restartedMain] com.netflix.discovery.DiscoveryClient    : The response status is 200
2023-03-27T18:00:23.200+03:00  INFO 27252 --- [  restartedMain] com.netflix.discovery.DiscoveryClient    : Starting heartbeat executor: renew interval is: 30
2023-03-27T18:00:23.201+03:00  INFO 27252 --- [  restartedMain] c.n.discovery.InstanceInfoReplicator     : InstanceInfoReplicator onDemand update allowed rate per min is 4
2023-03-27T18:00:23.204+03:00  INFO 27252 --- [  restartedMain] com.netflix.discovery.DiscoveryClient    : Discovery Client initialized at timestamp 1679929223204 with initial instances count: 1
2023-03-27T18:00:23.207+03:00  INFO 27252 --- [  restartedMain] o.s.c.n.e.s.EurekaServiceRegistry        : Registering application APPOINTMENT-SERVICE with eureka with status UP
2023-03-27T18:00:23.207+03:00  INFO 27252 --- [  restartedMain] com.netflix.discovery.DiscoveryClient    : Saw local status change event StatusChangeEvent [timestamp=1679929223207, current=UP, previous=STARTING]
2023-03-27T18:00:23.207+03:00  INFO 27252 --- [nfoReplicator-0] com.netflix.discovery.DiscoveryClient    : DiscoveryClient_APPOINTMENT-SERVICE/LVAGPLTP5030.dir.svc.accenture.com:appointment-service:8103: registering service...
2023-03-27T18:00:23.213+03:00  INFO 27252 --- [  restartedMain] o.s.b.w.embedded.tomcat.TomcatWebServer  : Tomcat started on port(s): 8103 (http) with context path ''
2023-03-27T18:00:23.214+03:00  INFO 27252 --- [  restartedMain] .s.c.n.e.s.EurekaAutoServiceRegistration : Updating port to 8103
2023-03-27T18:00:23.224+03:00  INFO 27252 --- [nfoReplicator-0] com.netflix.discovery.DiscoveryClient    : DiscoveryClient_APPOINTMENT-SERVICE/LVAGPLTP5030.dir.svc.accenture.com:appointment-service:8103 - registration status: 204
2023-03-27T18:00:23.350+03:00  INFO 27252 --- [  restartedMain] c.e.a.AppointmentServiceApplication      : Started AppointmentServiceApplication in 4.597 seconds (process running for 3327.319)
2023-03-27T18:00:23.355+03:00  INFO 27252 --- [  restartedMain] .ConditionEvaluationDeltaLoggingListener : Condition evaluation unchanged
2023-03-27T18:00:24.103+03:00  INFO 27252 --- [   File Watcher] rtingClassPathChangeChangedEventListener : Restarting due to 3 class path changes (3 additions, 0 deletions, 0 modifications)
2023-03-27T18:00:24.104+03:00  INFO 27252 --- [      Thread-12] o.s.c.n.e.s.EurekaServiceRegistry        : Unregistering application APPOINTMENT-SERVICE with eureka with status DOWN
2023-03-27T18:00:24.104+03:00  INFO 27252 --- [      Thread-12] com.netflix.discovery.DiscoveryClient    : Saw local status change event StatusChangeEvent [timestamp=1679929224104, current=DOWN, previous=UP]
2023-03-27T18:00:24.105+03:00  INFO 27252 --- [nfoReplicator-0] com.netflix.discovery.DiscoveryClient    : DiscoveryClient_APPOINTMENT-SERVICE/LVAGPLTP5030.dir.svc.accenture.com:appointment-service:8103: registering service...
2023-03-27T18:00:24.110+03:00  INFO 27252 --- [nfoReplicator-0] com.netflix.discovery.DiscoveryClient    : DiscoveryClient_APPOINTMENT-SERVICE/LVAGPLTP5030.dir.svc.accenture.com:appointment-service:8103 - registration status: 204
2023-03-27T18:00:24.118+03:00  INFO 27252 --- [      Thread-12] o.apache.catalina.core.StandardService   : Stopping service [Tomcat]
2023-03-27T18:00:24.127+03:00  INFO 27252 --- [      Thread-12] j.LocalContainerEntityManagerFactoryBean : Closing JPA EntityManagerFactory for persistence unit 'default'
2023-03-27T18:00:24.127+03:00  INFO 27252 --- [      Thread-12] com.zaxxer.hikari.HikariDataSource       : HikariPool-2 - Shutdown initiated...
2023-03-27T18:00:24.136+03:00  INFO 27252 --- [      Thread-12] com.zaxxer.hikari.HikariDataSource       : HikariPool-2 - Shutdown completed.
2023-03-27T18:00:24.137+03:00  INFO 27252 --- [      Thread-12] com.netflix.discovery.DiscoveryClient    : Shutting down DiscoveryClient ...
2023-03-27T18:00:27.200+03:00  INFO 27252 --- [      Thread-12] com.netflix.discovery.DiscoveryClient    : Unregistering ...
2023-03-27T18:00:27.243+03:00  INFO 27252 --- [      Thread-12] com.netflix.discovery.DiscoveryClient    : DiscoveryClient_APPOINTMENT-SERVICE/LVAGPLTP5030.dir.svc.accenture.com:appointment-service:8103 - deregister  status: 200
2023-03-27T18:00:27.246+03:00  INFO 27252 --- [      Thread-12] com.netflix.discovery.DiscoveryClient    : Completed shut down of DiscoveryClient

  .   ____          _            __ _ _
 /\\ / ___'_ __ _ _(_)_ __  __ _ \ \ \ \
( ( )\___ | '_ | '_| | '_ \/ _` | \ \ \ \
 \\/  ___)| |_)| | | | | || (_| |  ) ) ) )
  '  |____| .__|_| |_|_| |_\__, | / / / /
 =========|_|==============|___/=/_/_/_/
 :: Spring Boot ::                (v3.0.4)

2023-03-27T18:00:31.656+03:00  INFO 27252 --- [  restartedMain] c.e.a.AppointmentServiceApplication      : Starting AppointmentServiceApplication using Java 18.0.2 with PID 27252 (C:\Users\jelena.mikelsone\Documents\appointments\appointment-service\target\classes started by jelena.mikelsone in C:\Users\jelena.mikelsone\Documents\appointments\appointment-service)
2023-03-27T18:00:31.658+03:00  INFO 27252 --- [  restartedMain] c.e.a.AppointmentServiceApplication      : No active profile set, falling back to 1 default profile: "default"
2023-03-27T18:00:33.050+03:00  INFO 27252 --- [  restartedMain] .s.d.r.c.RepositoryConfigurationDelegate : Bootstrapping Spring Data JPA repositories in DEFAULT mode.
2023-03-27T18:00:33.087+03:00  INFO 27252 --- [  restartedMain] .s.d.r.c.RepositoryConfigurationDelegate : Finished Spring Data repository scanning in 36 ms. Found 2 JPA repository interfaces.
2023-03-27T18:00:33.236+03:00  INFO 27252 --- [  restartedMain] o.s.cloud.context.scope.GenericScope     : BeanFactory id=d61e94c2-2df3-3ad5-9889-974d241439bd
2023-03-27T18:00:33.401+03:00  INFO 27252 --- [  restartedMain] o.s.b.w.embedded.tomcat.TomcatWebServer  : Tomcat initialized with port(s): 8103 (http)
2023-03-27T18:00:33.402+03:00  INFO 27252 --- [  restartedMain] o.apache.catalina.core.StandardService   : Starting service [Tomcat]
2023-03-27T18:00:33.402+03:00  INFO 27252 --- [  restartedMain] o.apache.catalina.core.StandardEngine    : Starting Servlet engine: [Apache Tomcat/10.1.5]
2023-03-27T18:00:33.505+03:00  INFO 27252 --- [  restartedMain] o.a.c.c.C.[Tomcat].[localhost].[/]       : Initializing Spring embedded WebApplicationContext
2023-03-27T18:00:33.505+03:00  INFO 27252 --- [  restartedMain] w.s.c.ServletWebServerApplicationContext : Root WebApplicationContext: initialization completed in 1839 ms
2023-03-27T18:00:33.556+03:00  INFO 27252 --- [  restartedMain] o.hibernate.jpa.internal.util.LogHelper  : HHH000204: Processing PersistenceUnitInfo [name: default]
2023-03-27T18:00:33.568+03:00  INFO 27252 --- [  restartedMain] com.zaxxer.hikari.HikariDataSource       : HikariPool-3 - Starting...
2023-03-27T18:00:33.585+03:00  INFO 27252 --- [  restartedMain] com.zaxxer.hikari.pool.HikariPool        : HikariPool-3 - Added connection com.mysql.cj.jdbc.ConnectionImpl@72120a21
2023-03-27T18:00:33.586+03:00  INFO 27252 --- [  restartedMain] com.zaxxer.hikari.HikariDataSource       : HikariPool-3 - Start completed.
2023-03-27T18:00:33.586+03:00  INFO 27252 --- [  restartedMain] SQL dialect                              : HHH000400: Using dialect: org.hibernate.dialect.MySQLDialect
2023-03-27T18:00:33.601+03:00  INFO 27252 --- [  restartedMain] o.h.c.beanvalidation.TypeSafeActivator   : Error calling `jakarta.validation.Validation#buildDefaultValidatorFactory`

jakarta.validation.NoProviderFoundException: Unable to create a Configuration, because no Jakarta Bean Validation provider could be found. Add a provider like Hibernate Validator (RI) to your classpath.
	at jakarta.validation.Validation$GenericBootstrapImpl.configure(Validation.java:291) ~[jakarta.validation-api-3.0.2.jar:na]
	at jakarta.validation.Validation.buildDefaultValidatorFactory(Validation.java:103) ~[jakarta.validation-api-3.0.2.jar:na]
	at org.hibernate.cfg.beanvalidation.TypeSafeActivator.getValidatorFactory(TypeSafeActivator.java:479) ~[hibernate-core-6.1.7.Final.jar:6.1.7.Final]
	at org.hibernate.cfg.beanvalidation.TypeSafeActivator.activate(TypeSafeActivator.java:82) ~[hibernate-core-6.1.7.Final.jar:6.1.7.Final]
	at java.base/jdk.internal.reflect.DirectMethodHandleAccessor.invoke(DirectMethodHandleAccessor.java:104) ~[na:na]
	at java.base/java.lang.reflect.Method.invoke(Method.java:577) ~[na:na]
	at org.hibernate.cfg.beanvalidation.BeanValidationIntegrator.integrate(BeanValidationIntegrator.java:137) ~[hibernate-core-6.1.7.Final.jar:6.1.7.Final]
	at org.hibernate.internal.SessionFactoryImpl.<init>(SessionFactoryImpl.java:287) ~[hibernate-core-6.1.7.Final.jar:6.1.7.Final]
	at org.hibernate.boot.internal.SessionFactoryBuilderImpl.build(SessionFactoryBuilderImpl.java:415) ~[hibernate-core-6.1.7.Final.jar:6.1.7.Final]
	at org.hibernate.jpa.boot.internal.EntityManagerFactoryBuilderImpl.build(EntityManagerFactoryBuilderImpl.java:1423) ~[hibernate-core-6.1.7.Final.jar:6.1.7.Final]
	at org.springframework.orm.jpa.vendor.SpringHibernateJpaPersistenceProvider.createContainerEntityManagerFactory(SpringHibernateJpaPersistenceProvider.java:66) ~[spring-orm-6.0.6.jar:6.0.6]
	at org.springframework.orm.jpa.LocalContainerEntityManagerFactoryBean.createNativeEntityManagerFactory(LocalContainerEntityManagerFactoryBean.java:376) ~[spring-orm-6.0.6.jar:6.0.6]
	at org.springframework.orm.jpa.AbstractEntityManagerFactoryBean.buildNativeEntityManagerFactory(AbstractEntityManagerFactoryBean.java:409) ~[spring-orm-6.0.6.jar:6.0.6]
	at org.springframework.orm.jpa.AbstractEntityManagerFactoryBean.afterPropertiesSet(AbstractEntityManagerFactoryBean.java:396) ~[spring-orm-6.0.6.jar:6.0.6]
	at org.springframework.orm.jpa.LocalContainerEntityManagerFactoryBean.afterPropertiesSet(LocalContainerEntityManagerFactoryBean.java:352) ~[spring-orm-6.0.6.jar:6.0.6]
	at org.springframework.beans.factory.support.AbstractAutowireCapableBeanFactory.invokeInitMethods(AbstractAutowireCapableBeanFactory.java:1808) ~[spring-beans-6.0.6.jar:6.0.6]
	at org.springframework.beans.factory.support.AbstractAutowireCapableBeanFactory.initializeBean(AbstractAutowireCapableBeanFactory.java:1758) ~[spring-beans-6.0.6.jar:6.0.6]
	at org.springframework.beans.factory.support.AbstractAutowireCapableBeanFactory.doCreateBean(AbstractAutowireCapableBeanFactory.java:599) ~[spring-beans-6.0.6.jar:6.0.6]
	at org.springframework.beans.factory.support.AbstractAutowireCapableBeanFactory.createBean(AbstractAutowireCapableBeanFactory.java:521) ~[spring-beans-6.0.6.jar:6.0.6]
	at org.springframework.beans.factory.support.AbstractBeanFactory.lambda$doGetBean$0(AbstractBeanFactory.java:326) ~[spring-beans-6.0.6.jar:6.0.6]
	at org.springframework.beans.factory.support.DefaultSingletonBeanRegistry.getSingleton(DefaultSingletonBeanRegistry.java:234) ~[spring-beans-6.0.6.jar:6.0.6]
	at org.springframework.beans.factory.support.AbstractBeanFactory.doGetBean(AbstractBeanFactory.java:324) ~[spring-beans-6.0.6.jar:6.0.6]
	at org.springframework.beans.factory.support.AbstractBeanFactory.getBean(AbstractBeanFactory.java:200) ~[spring-beans-6.0.6.jar:6.0.6]
	at org.springframework.context.support.AbstractApplicationContext.getBean(AbstractApplicationContext.java:1132) ~[spring-context-6.0.6.jar:6.0.6]
	at org.springframework.context.support.AbstractApplicationContext.finishBeanFactoryInitialization(AbstractApplicationContext.java:907) ~[spring-context-6.0.6.jar:6.0.6]
	at org.springframework.context.support.AbstractApplicationContext.refresh(AbstractApplicationContext.java:584) ~[spring-context-6.0.6.jar:6.0.6]
	at org.springframework.boot.web.servlet.context.ServletWebServerApplicationContext.refresh(ServletWebServerApplicationContext.java:146) ~[spring-boot-3.0.4.jar:3.0.4]
	at org.springframework.boot.SpringApplication.refresh(SpringApplication.java:732) ~[spring-boot-3.0.4.jar:3.0.4]
	at org.springframework.boot.SpringApplication.refreshContext(SpringApplication.java:434) ~[spring-boot-3.0.4.jar:3.0.4]
	at org.springframework.boot.SpringApplication.run(SpringApplication.java:310) ~[spring-boot-3.0.4.jar:3.0.4]
	at org.springframework.boot.SpringApplication.run(SpringApplication.java:1304) ~[spring-boot-3.0.4.jar:3.0.4]
	at org.springframework.boot.SpringApplication.run(SpringApplication.java:1293) ~[spring-boot-3.0.4.jar:3.0.4]
	at com.example.appointmentservice.AppointmentServiceApplication.main(AppointmentServiceApplication.java:10) ~[classes/:na]
	at java.base/jdk.internal.reflect.DirectMethodHandleAccessor.invoke(DirectMethodHandleAccessor.java:104) ~[na:na]
	at java.base/java.lang.reflect.Method.invoke(Method.java:577) ~[na:na]
	at org.springframework.boot.devtools.restart.RestartLauncher.run(RestartLauncher.java:49) ~[spring-boot-devtools-3.0.4.jar:3.0.4]

2023-03-27T18:00:33.647+03:00  INFO 27252 --- [  restartedMain] o.h.e.t.j.p.i.JtaPlatformInitiator       : HHH000490: Using JtaPlatform implementation: [org.hibernate.engine.transaction.jta.platform.internal.NoJtaPlatform]
2023-03-27T18:00:33.648+03:00  INFO 27252 --- [  restartedMain] j.LocalContainerEntityManagerFactoryBean : Initialized JPA EntityManagerFactory for persistence unit 'default'
2023-03-27T18:00:33.758+03:00  WARN 27252 --- [  restartedMain] JpaBaseConfiguration$JpaWebConfiguration : spring.jpa.open-in-view is enabled by default. Therefore, database queries may be performed during view rendering. Explicitly configure spring.jpa.open-in-view to disable this warning
2023-03-27T18:00:34.631+03:00  INFO 27252 --- [  restartedMain] o.s.b.d.a.OptionalLiveReloadServer       : LiveReload server is running on port 35729
2023-03-27T18:00:34.780+03:00  INFO 27252 --- [  restartedMain] DiscoveryClientOptionalArgsConfiguration : Eureka HTTP Client uses RestTemplate.
2023-03-27T18:00:34.963+03:00  WARN 27252 --- [  restartedMain] iguration$LoadBalancerCaffeineWarnLogger : Spring Cloud LoadBalancer is currently working with the default cache. While this cache implementation is useful for development and tests, it's recommended to use Caffeine cache in production.You can switch to using Caffeine cache, by adding it and org.springframework.cache.caffeine.CaffeineCacheManager to the classpath.
2023-03-27T18:00:35.004+03:00  INFO 27252 --- [  restartedMain] o.s.c.n.eureka.InstanceInfoFactory       : Setting initial instance status as: STARTING
2023-03-27T18:00:35.008+03:00  INFO 27252 --- [  restartedMain] com.netflix.discovery.DiscoveryClient    : Initializing Eureka in region us-east-1
2023-03-27T18:00:35.008+03:00  INFO 27252 --- [  restartedMain] c.n.d.s.r.aws.ConfigClusterResolver      : Resolving eureka endpoints via configuration
2023-03-27T18:00:35.010+03:00  INFO 27252 --- [  restartedMain] com.netflix.discovery.DiscoveryClient    : Disable delta property : false
2023-03-27T18:00:35.010+03:00  INFO 27252 --- [  restartedMain] com.netflix.discovery.DiscoveryClient    : Single vip registry refresh property : null
2023-03-27T18:00:35.010+03:00  INFO 27252 --- [  restartedMain] com.netflix.discovery.DiscoveryClient    : Force full registry fetch : false
2023-03-27T18:00:35.010+03:00  INFO 27252 --- [  restartedMain] com.netflix.discovery.DiscoveryClient    : Application is null : false
2023-03-27T18:00:35.010+03:00  INFO 27252 --- [  restartedMain] com.netflix.discovery.DiscoveryClient    : Registered Applications size is zero : true
2023-03-27T18:00:35.010+03:00  INFO 27252 --- [  restartedMain] com.netflix.discovery.DiscoveryClient    : Application version is -1: true
2023-03-27T18:00:35.010+03:00  INFO 27252 --- [  restartedMain] com.netflix.discovery.DiscoveryClient    : Getting all instance registry info from the eureka server
2023-03-27T18:00:35.041+03:00  INFO 27252 --- [  restartedMain] com.netflix.discovery.DiscoveryClient    : The response status is 200
2023-03-27T18:00:35.043+03:00  INFO 27252 --- [  restartedMain] com.netflix.discovery.DiscoveryClient    : Starting heartbeat executor: renew interval is: 30
2023-03-27T18:00:35.044+03:00  INFO 27252 --- [  restartedMain] c.n.discovery.InstanceInfoReplicator     : InstanceInfoReplicator onDemand update allowed rate per min is 4
2023-03-27T18:00:35.046+03:00  INFO 27252 --- [  restartedMain] com.netflix.discovery.DiscoveryClient    : Discovery Client initialized at timestamp 1679929235046 with initial instances count: 1
2023-03-27T18:00:35.049+03:00  INFO 27252 --- [  restartedMain] o.s.c.n.e.s.EurekaServiceRegistry        : Registering application APPOINTMENT-SERVICE with eureka with status UP
2023-03-27T18:00:35.049+03:00  INFO 27252 --- [  restartedMain] com.netflix.discovery.DiscoveryClient    : Saw local status change event StatusChangeEvent [timestamp=1679929235049, current=UP, previous=STARTING]
2023-03-27T18:00:35.049+03:00  INFO 27252 --- [nfoReplicator-0] com.netflix.discovery.DiscoveryClient    : DiscoveryClient_APPOINTMENT-SERVICE/LVAGPLTP5030.dir.svc.accenture.com:appointment-service:8103: registering service...
2023-03-27T18:00:35.055+03:00  INFO 27252 --- [  restartedMain] o.s.b.w.embedded.tomcat.TomcatWebServer  : Tomcat started on port(s): 8103 (http) with context path ''
2023-03-27T18:00:35.056+03:00  INFO 27252 --- [  restartedMain] .s.c.n.e.s.EurekaAutoServiceRegistration : Updating port to 8103
2023-03-27T18:00:35.065+03:00  INFO 27252 --- [nfoReplicator-0] com.netflix.discovery.DiscoveryClient    : DiscoveryClient_APPOINTMENT-SERVICE/LVAGPLTP5030.dir.svc.accenture.com:appointment-service:8103 - registration status: 204
2023-03-27T18:00:35.237+03:00  INFO 27252 --- [  restartedMain] c.e.a.AppointmentServiceApplication      : Started AppointmentServiceApplication in 7.065 seconds (process running for 3339.207)
2023-03-27T18:00:35.240+03:00  INFO 27252 --- [  restartedMain] .ConditionEvaluationDeltaLoggingListener : Condition evaluation unchanged
2023-03-27T18:05:34.987+03:00  INFO 27252 --- [trap-executor-0] c.n.d.s.r.aws.ConfigClusterResolver      : Resolving eureka endpoints via configuration
2023-03-27T18:10:34.972+03:00  INFO 27252 --- [trap-executor-0] c.n.d.s.r.aws.ConfigClusterResolver      : Resolving eureka endpoints via configuration
2023-03-27T18:15:34.967+03:00  INFO 27252 --- [trap-executor-0] c.n.d.s.r.aws.ConfigClusterResolver      : Resolving eureka endpoints via configuration
